#
# A fatal error has been detected by the Java Runtime Environment:
#
#  SIGSEGV (0xb) at pc=0x000000011c364dd0, pid=27496, tid=50179
#
# JRE version: Java(TM) SE Runtime Environment (7.0_40-b43) (build 1.7.0_40-b43)
# Java VM: Java HotSpot(TM) 64-Bit Server VM (24.0-b56 mixed mode bsd-amd64 compressed oops)
# Problematic frame:
# C  [libLeap.dylib+0x26dd0]  _ZNK4Leap14InteractionBox8toStringEv+0x3b30
#
# Failed to write core dump. Core dumps have been disabled. To enable core dumping, try "ulimit -c unlimited" before starting Java again
#
# If you would like to submit a bug report, please visit:
#   http://bugreport.sun.com/bugreport/crash.jsp
#

---------------  T H R E A D  ---------------

Current thread is native thread

siginfo:si_signo=SIGSEGV: si_errno=0, si_code=0 (SEGV0), si_addr=0x0000000000000000

Registers:
RAX=0x9000000000000000, RBX=0x000000010a1656e0, RCX=0x0000000000005200, RDX=0x000000011c773d24
RSP=0x000000011c773db0, RBP=0x000000011c773ed0, RSI=0x0000520000005200, RDI=0x00007fa6cb04e250
R8 =0x000000011c773d2c, R9 =0x000000011c773d28, R10=0x0000000000000081, R11=0x00000000cf0db4b4
R12=0x0000000000000000, R13=0x0000000000000000, R14=0x000000010a165610, R15=0x00007fa6cb04b2a0
RIP=0x000000011c364dd0, EFLAGS=0x0000000000010202, ERR=0x0000000000000000
  TRAPNO=0x000000000000000d

Top of Stack: (sp=0x000000011c773db0)
0x000000011c773db0:   000000010a00f270 00007fa6cb97bc90
0x000000011c773dc0:   00007fa6cb97bc60 00007fa6cb97c0f8
0x000000011c773dd0:   000000000a00b000 0000000000000001
0x000000011c773de0:   00007fa6cb97ba00 0000000000000000
0x000000011c773df0:   0000000000000000 000000010a165610
0x000000011c773e00:   000000010a165610 000000010a165610
0x000000011c773e10:   0000000000000001 00002060fffffffe
0x000000011c773e20:   0000000000000000 000000010a1656e0
0x000000011c773e30:   000000010a1656e0 000000010a1656e0
0x000000011c773e40:   0000000000000001 00007fa6cb97bc60
0x000000011c773e50:   00007fa6cb0504a0 00007fa6cb97bfc8
0x000000011c773e60:   0000000000297901 00007fa6cb97bf88
0x000000011c773e70:   00007fa6cb053300 00007fa6cb97c0b8
0x000000011c773e80:   00007fa6cb053500 00007fa6cb97bc90
0x000000011c773e90:   00007fa6cb050920 00007fa6cb97bc90
0x000000011c773ea0:   0000000000000000 00007fa6cb0535e0
0x000000011c773eb0:   00007fa6cb0533e0 000000011c774000
0x000000011c773ec0:   00007fa6cb0535e0 000000011c3f8420
0x000000011c773ed0:   000000011c773f10 000000011c3f84c1
0x000000011c773ee0:   0000000000297965 0000000000000000
0x000000011c773ef0:   000000000000c403 000000011c774000
0x000000011c773f00:   00007fa6cb0533e0 000000011c3f8420
0x000000011c773f10:   000000011c773f50 00007fff982c68bf
0x000000011c773f20:   0000000000000000 0000000000000000
0x000000011c773f30:   0000000000000000 0000000000000000
0x000000011c773f40:   0000000000000000 0000000000000000
0x000000011c773f50:   000000011c773f78 00007fff982c9b75
0x000000011c773f60:   0000000000000000 0000000000000000
0x000000011c773f70:   0000000000000000 0000000000000000
0x000000011c773f80:   0000000000000000 0000000000000000
0x000000011c773f90:   0000000000000000 0000000000000000
0x000000011c773fa0:   0000000000000000 0000000000000000 

Instructions: (pc=0x000000011c364dd0)
0x000000011c364db0:   eb 0e 48 89 c7 e8 66 56 09 00 e8 73 56 09 00 90
0x000000011c364dc0:   83 bd 08 ff ff ff 00 74 1f 49 8b 7e 20 48 8b 07
0x000000011c364dd0:   48 8b 40 30 4c 89 fe ff d0 eb 0d 48 89 c7 e8 3d
0x000000011c364de0:   56 09 00 e8 4a 56 09 00 4c 89 f7 e8 d0 55 09 00 

Register to memory mapping:

RAX=0x9000000000000000 is an unknown value
RBX=0x000000010a1656e0 is an unknown value
RCX=0x0000000000005200 is an unknown value
RDX=0x000000011c773d24 is an unknown value
RSP=0x000000011c773db0 is an unknown value
RBP=0x000000011c773ed0 is an unknown value
RSI=0x0000520000005200 is an unknown value
RDI=0x00007fa6cb04e250 is an unknown value
R8 =0x000000011c773d2c is an unknown value
R9 =0x000000011c773d28 is an unknown value
R10=0x0000000000000081 is an unknown value
R11=0x00000000cf0db4b4 is an unknown value
R12=0x0000000000000000 is an unknown value
R13=0x0000000000000000 is an unknown value
R14=0x000000010a165610 is an unknown value
R15=0x00007fa6cb04b2a0 is an unknown value


Stack: [0x000000011c6f4000,0x000000011c774000],  sp=0x000000011c773db0,  free space=511k
Native frames: (J=compiled Java code, j=interpreted, Vv=VM code, C=native code)
C  [libLeap.dylib+0x26dd0]  _ZNK4Leap14InteractionBox8toStringEv+0x3b30
C  [libLeap.dylib+0xba4c1]  _ZNK4Leap4Tool8toStringEv+0x7d901
C  [libsystem_c.dylib+0x4e8bf]  _pthread_start+0x14f
C  [libsystem_c.dylib+0x51b75]  thread_start+0xd


---------------  P R O C E S S  ---------------

VM state:not at safepoint (normal execution)

VM Mutex/Monitor currently owned by a thread: None

Heap
 PSYoungGen      total 38912K, used 7821K [0x00000007d5500000, 0x00000007da100000, 0x0000000800000000)
  eden space 33792K, 8% used [0x00000007d5500000,0x00000007d57a75b0,0x00000007d7600000)
  from space 5120K, 99% used [0x00000007d7600000,0x00000007d7afc020,0x00000007d7b00000)
  to   space 5120K, 0% used [0x00000007d9c00000,0x00000007d9c00000,0x00000007da100000)
 ParOldGen       total 87040K, used 8194K [0x0000000780000000, 0x0000000785500000, 0x00000007d5500000)
  object space 87040K, 9% used [0x0000000780000000,0x0000000780800828,0x0000000785500000)
 PSPermGen       total 21504K, used 8983K [0x000000077ae00000, 0x000000077c300000, 0x0000000780000000)
  object space 21504K, 41% used [0x000000077ae00000,0x000000077b6c5e58,0x000000077c300000)

Card table byte_map: [0x000000010de56000,0x000000010e280000] byte_map_base: 0x000000010a27f000

Polling page: 0x000000010a0fc000

Code Cache  [0x000000010ad96000, 0x000000010b006000, 0x000000010dd96000)
 total_blobs=431 nmethods=17 adapters=369 free_code_cache=48615Kb largest_free_block=49774464

Compilation events (10 events):
Event: 0.409 Thread 0x00007fa6cb82c000   11             java.lang.Object::<init> (1 bytes)
Event: 0.409 Thread 0x00007fa6cb82c000 nmethod 11 0x000000010adff310 code [0x000000010adff440, 0x000000010adff4d8]
Event: 0.441 Thread 0x00007fa6cb82c000   12             java.lang.String::equals (81 bytes)
Event: 0.449 Thread 0x00007fa6cb82c000 nmethod 12 0x000000010ae09210 code [0x000000010ae09360, 0x000000010ae095f8]
Event: 0.539 Thread 0x00007fa6cb800800   13             java.lang.String::equals (81 bytes)
Event: 0.546 Thread 0x00007fa6cb800800 nmethod 13 0x000000010ae14fd0 code [0x000000010ae15120, 0x000000010ae15398]
Event: 0.652 Thread 0x00007fa6cb82c000   14             sun.java2d.loops.GraphicsPrimitive::getUniqueID (5 bytes)
Event: 0.652 Thread 0x00007fa6cb82c000 nmethod 14 0x000000010ae19c10 code [0x000000010ae19d40, 0x000000010ae19d98]
Event: 0.749 Thread 0x00007fa6cb800800   15             java.lang.Integer::reverseBytes (26 bytes)
Event: 0.750 Thread 0x00007fa6cb800800 nmethod 15 0x000000010ae1de90 code [0x000000010ae1dfc0, 0x000000010ae1e038]

GC Heap History (2 events):
Event: 1.124 GC heap before
{Heap before GC invocations=1 (full 0):
 PSYoungGen      total 38912K, used 33792K [0x00000007d5500000, 0x00000007d8000000, 0x0000000800000000)
  eden space 33792K, 100% used [0x00000007d5500000,0x00000007d7600000,0x00000007d7600000)
  from space 5120K, 0% used [0x00000007d7b00000,0x00000007d7b00000,0x00000007d8000000)
  to   space 5120K, 0% used [0x00000007d7600000,0x00000007d7600000,0x00000007d7b00000)
 ParOldGen       total 87040K, used 0K [0x0000000780000000, 0x0000000785500000, 0x00000007d5500000)
  object space 87040K, 0% used [0x0000000780000000,0x0000000780000000,0x0000000785500000)
 PSPermGen       total 21504K, used 8980K [0x000000077ae00000, 0x000000077c300000, 0x0000000780000000)
  object space 21504K, 41% used [0x000000077ae00000,0x000000077b6c52c0,0x000000077c300000)
Event: 1.137 GC heap after
Heap after GC invocations=1 (full 0):
 PSYoungGen      total 38912K, used 5104K [0x00000007d5500000, 0x00000007da100000, 0x0000000800000000)
  eden space 33792K, 0% used [0x00000007d5500000,0x00000007d5500000,0x00000007d7600000)
  from space 5120K, 99% used [0x00000007d7600000,0x00000007d7afc020,0x00000007d7b00000)
  to   space 5120K, 0% used [0x00000007d9c00000,0x00000007d9c00000,0x00000007da100000)
 ParOldGen       total 87040K, used 8194K [0x0000000780000000, 0x0000000785500000, 0x00000007d5500000)
  object space 87040K, 9% used [0x0000000780000000,0x0000000780800828,0x0000000785500000)
 PSPermGen       total 21504K, used 8980K [0x000000077ae00000, 0x000000077c300000, 0x0000000780000000)
  object space 21504K, 41% used [0x000000077ae00000,0x000000077b6c52c0,0x000000077c300000)
}

Deoptimization events (1 events):
Event: 0.453 Thread 0x00007fa6ca08c000 Uncommon trap: reason=null_check action=make_not_entrant pc=0x000000010ae095a8 method=java.lang.String.equals(Ljava/lang/Object;)Z @ 8

Internal exceptions (10 events):
Event: 0.529 Thread 0x00007fa6ca000800 Threw 0x00000007d584d548 at /HUDSON/workspace/jdk7u40-2-build-macosx-amd64-product/jdk7u40/hotspot/src/share/vm/prims/jvm.cpp:1244
Event: 0.529 Thread 0x00007fa6ca000800 Threw 0x00000007d584e9c8 at /HUDSON/workspace/jdk7u40-2-build-macosx-amd64-product/jdk7u40/hotspot/src/share/vm/prims/jvm.cpp:1244
Event: 0.572 Thread 0x00007fa6ca000800 Threw 0x00000007d5884a40 at /HUDSON/workspace/jdk7u40-2-build-macosx-amd64-product/jdk7u40/hotspot/src/share/vm/prims/jvm.cpp:1244
Event: 0.726 Thread 0x00007fa6ca000800 Threw 0x00000007d588dc50 at /HUDSON/workspace/jdk7u40-2-build-macosx-amd64-product/jdk7u40/hotspot/src/share/vm/prims/jvm.cpp:1244
Event: 0.728 Thread 0x00007fa6ca000800 Threw 0x00000007d5893a30 at /HUDSON/workspace/jdk7u40-2-build-macosx-amd64-product/jdk7u40/hotspot/src/share/vm/prims/jvm.cpp:1244
Event: 0.731 Thread 0x00007fa6ca000800 Threw 0x00000007d58973e0 at /HUDSON/workspace/jdk7u40-2-build-macosx-amd64-product/jdk7u40/hotspot/src/share/vm/prims/jvm.cpp:1244
Event: 0.748 Thread 0x00007fa6cb980000 Threw 0x00000007d5e310d8 at /HUDSON/workspace/jdk7u40-2-build-macosx-amd64-product/jdk7u40/hotspot/src/share/vm/prims/jvm.cpp:1244
Event: 0.795 Thread 0x00007fa6c998f000 Threw 0x00000007d602c3d8 at /HUDSON/workspace/jdk7u40-2-build-macosx-amd64-product/jdk7u40/hotspot/src/share/vm/prims/jvm.cpp:1244
Event: 0.797 Thread 0x00007fa6c998f000 Threw 0x00000007d6030df0 at /HUDSON/workspace/jdk7u40-2-build-macosx-amd64-product/jdk7u40/hotspot/src/share/vm/prims/jvm.cpp:1244
Event: 0.799 Thread 0x00007fa6c998f000 Threw 0x00000007d6037648 at /HUDSON/workspace/jdk7u40-2-build-macosx-amd64-product/jdk7u40/hotspot/src/share/vm/prims/jvm.cpp:1244

Events (10 events):
Event: 1.106 Thread 0x00007fa6cb98a000 Thread added: 0x00007fa6cb98a000
Event: 1.107 Thread 0x00007fa6cb98a000 Thread exited: 0x00007fa6cb98a000
Event: 1.116 Thread 0x00007fa6c998f000 Thread added: 0x00007fa6c998f000
Event: 1.117 Thread 0x00007fa6c998f000 Thread exited: 0x00007fa6c998f000
Event: 1.123 Thread 0x00007fa6c998f000 Thread added: 0x00007fa6c998f000
Event: 1.124 Executing VM operation: ParallelGCFailedAllocation
Event: 1.137 Executing VM operation: ParallelGCFailedAllocation done
Event: 1.137 loading class 0x0000000113092280
Event: 1.137 loading class 0x0000000113092280 done
Event: 1.137 Thread 0x00007fa6c998f000 Thread exited: 0x00007fa6c998f000


Dynamic libraries:
0x000000000c1d9000 	/System/Library/Frameworks/Cocoa.framework/Versions/A/Cocoa
0x000000000c1d9000 	/System/Library/Frameworks/Security.framework/Versions/A/Security
0x000000000c1d9000 	/System/Library/Frameworks/ApplicationServices.framework/Versions/A/ApplicationServices
0x000000000c1d9000 	/usr/lib/libz.1.dylib
0x000000000c1d9000 	/usr/lib/libSystem.B.dylib
0x000000000c1d9000 	/usr/lib/libobjc.A.dylib
0x000000000c1d9000 	/System/Library/Frameworks/CoreFoundation.framework/Versions/A/CoreFoundation
0x000000000c1d9000 	/System/Library/Frameworks/Foundation.framework/Versions/C/Foundation
0x000000000c1d9000 	/System/Library/Frameworks/AppKit.framework/Versions/C/AppKit
0x000000000c1d9000 	/System/Library/Frameworks/CoreData.framework/Versions/A/CoreData
0x000000000c1d9000 	/System/Library/PrivateFrameworks/RemoteViewServices.framework/Versions/A/RemoteViewServices
0x000000000c1d9000 	/System/Library/Frameworks/AudioToolbox.framework/Versions/A/AudioToolbox
0x000000000c1d9000 	/System/Library/Frameworks/AudioUnit.framework/Versions/A/AudioUnit
0x000000000c1d9000 	/System/Library/PrivateFrameworks/DataDetectorsCore.framework/Versions/A/DataDetectorsCore
0x000000000c1d9000 	/System/Library/PrivateFrameworks/DesktopServicesPriv.framework/Versions/A/DesktopServicesPriv
0x000000000c1d9000 	/System/Library/Frameworks/Carbon.framework/Versions/A/Frameworks/HIToolbox.framework/Versions/A/HIToolbox
0x000000000c1d9000 	/System/Library/Frameworks/QuartzCore.framework/Versions/A/QuartzCore
0x000000000c1d9000 	/System/Library/Frameworks/Carbon.framework/Versions/A/Frameworks/SpeechRecognition.framework/Versions/A/SpeechRecognition
0x000000000c1d9000 	/usr/lib/libauto.dylib
0x000000000c1d9000 	/usr/lib/libicucore.A.dylib
0x000000000c1d9000 	/usr/lib/libxml2.2.dylib
0x000000000c1d9000 	/System/Library/PrivateFrameworks/CoreUI.framework/Versions/A/CoreUI
0x000000000c1d9000 	/System/Library/Frameworks/CoreAudio.framework/Versions/A/CoreAudio
0x000000000c1d9000 	/System/Library/Frameworks/DiskArbitration.framework/Versions/A/DiskArbitration
0x000000000c1d9000 	/usr/lib/liblangid.dylib
0x000000000c1d9000 	/System/Library/PrivateFrameworks/MultitouchSupport.framework/Versions/A/MultitouchSupport
0x000000000c1d9000 	/System/Library/Frameworks/IOKit.framework/Versions/A/IOKit
0x000000000c1d9000 	/usr/lib/libDiagnosticMessagesClient.dylib
0x000000000c1d9000 	/System/Library/Frameworks/CoreServices.framework/Versions/A/CoreServices
0x000000000c1d9000 	/System/Library/PrivateFrameworks/PerformanceAnalysis.framework/Versions/A/PerformanceAnalysis
0x000000000c1d9000 	/System/Library/PrivateFrameworks/GenerationalStorage.framework/Versions/A/GenerationalStorage
0x000000000c1d9000 	/System/Library/Frameworks/OpenGL.framework/Versions/A/OpenGL
0x000000000c1d9000 	/System/Library/Frameworks/CoreServices.framework/Versions/A/Frameworks/CFNetwork.framework/Versions/A/CFNetwork
0x000000000c1d9000 	/System/Library/Frameworks/SystemConfiguration.framework/Versions/A/SystemConfiguration
0x000000000c1d9000 	/usr/lib/libCRFSuite.dylib
0x000000000c1d9000 	/usr/lib/libc++.1.dylib
0x000000000c1d9000 	/usr/lib/libstdc++.6.dylib
0x000000000c1d9000 	/usr/lib/libc++abi.dylib
0x000000000c1d9000 	/usr/lib/system/libcache.dylib
0x000000000c1d9000 	/usr/lib/system/libcommonCrypto.dylib
0x000000000c1d9000 	/usr/lib/system/libcompiler_rt.dylib
0x000000000c1d9000 	/usr/lib/system/libcopyfile.dylib
0x000000000c1d9000 	/usr/lib/system/libdispatch.dylib
0x000000000c1d9000 	/usr/lib/system/libdnsinfo.dylib
0x000000000c1d9000 	/usr/lib/system/libdyld.dylib
0x000000000c1d9000 	/usr/lib/system/libkeymgr.dylib
0x000000000c1d9000 	/usr/lib/system/liblaunch.dylib
0x000000000c1d9000 	/usr/lib/system/libmacho.dylib
0x000000000c1d9000 	/usr/lib/system/libmathCommon.A.dylib
0x000000000c1d9000 	/usr/lib/system/libquarantine.dylib
0x000000000c1d9000 	/usr/lib/system/libremovefile.dylib
0x000000000c1d9000 	/usr/lib/system/libsystem_blocks.dylib
0x000000000c1d9000 	/usr/lib/system/libsystem_c.dylib
0x000000000c1d9000 	/usr/lib/system/libsystem_dnssd.dylib
0x000000000c1d9000 	/usr/lib/system/libsystem_info.dylib
0x000000000c1d9000 	/usr/lib/system/libsystem_kernel.dylib
0x000000000c1d9000 	/usr/lib/system/libsystem_network.dylib
0x000000000c1d9000 	/usr/lib/system/libsystem_notify.dylib
0x000000000c1d9000 	/usr/lib/system/libsystem_sandbox.dylib
0x000000000c1d9000 	/usr/lib/system/libunc.dylib
0x000000000c1d9000 	/usr/lib/system/libunwind.dylib
0x000000000c1d9000 	/usr/lib/system/libxpc.dylib
0x000000000c1d9000 	/usr/lib/libbsm.0.dylib
0x000000000c1d9000 	/usr/lib/libsqlite3.dylib
0x000000000c1d9000 	/usr/lib/libOpenScriptingUtil.dylib
0x000000000c1d9000 	/usr/lib/libpam.2.dylib
0x000000000c1d9000 	/usr/lib/libxar-nossl.dylib
0x000000000c1d9000 	/usr/lib/libbz2.1.0.dylib
0x000000000c1d9000 	/System/Library/Frameworks/CoreServices.framework/Versions/A/Frameworks/CarbonCore.framework/Versions/A/CarbonCore
0x000000000c1d9000 	/System/Library/Frameworks/CoreServices.framework/Versions/A/Frameworks/Metadata.framework/Versions/A/Metadata
0x000000000c1d9000 	/System/Library/Frameworks/CoreServices.framework/Versions/A/Frameworks/OSServices.framework/Versions/A/OSServices
0x000000000c1d9000 	/System/Library/Frameworks/CoreServices.framework/Versions/A/Frameworks/SearchKit.framework/Versions/A/SearchKit
0x000000000c1d9000 	/System/Library/Frameworks/CoreServices.framework/Versions/A/Frameworks/AE.framework/Versions/A/AE
0x000000000c1d9000 	/System/Library/Frameworks/CoreServices.framework/Versions/A/Frameworks/LaunchServices.framework/Versions/A/LaunchServices
0x000000000c1d9000 	/System/Library/Frameworks/CoreServices.framework/Versions/A/Frameworks/DictionaryServices.framework/Versions/A/DictionaryServices
0x000000000c1d9000 	/System/Library/Frameworks/NetFS.framework/Versions/A/NetFS
0x000000000c1d9000 	/usr/lib/system/libkxld.dylib
0x000000000c1d9000 	/System/Library/PrivateFrameworks/NetAuth.framework/Versions/A/NetAuth
0x000000000c1d9000 	/usr/lib/libcrypto.0.9.8.dylib
0x000000000c1d9000 	/System/Library/PrivateFrameworks/TrustEvaluationAgent.framework/Versions/A/TrustEvaluationAgent
0x000000000c1d9000 	/System/Library/Frameworks/OpenDirectory.framework/Versions/A/Frameworks/CFOpenDirectory.framework/Versions/A/CFOpenDirectory
0x000000000c1d9000 	/usr/lib/libxslt.1.dylib
0x000000000c1d9000 	/System/Library/PrivateFrameworks/FamilyControls.framework/Versions/A/FamilyControls
0x000000000c1d9000 	/System/Library/Frameworks/Carbon.framework/Versions/A/Frameworks/Ink.framework/Versions/A/Ink
0x000000000c1d9000 	/System/Library/Frameworks/ApplicationServices.framework/Versions/A/Frameworks/CoreGraphics.framework/Versions/A/CoreGraphics
0x000000000c1d9000 	/System/Library/Frameworks/ApplicationServices.framework/Versions/A/Frameworks/ImageIO.framework/Versions/A/ImageIO
0x000000000c1d9000 	/System/Library/Frameworks/ApplicationServices.framework/Versions/A/Frameworks/CoreText.framework/Versions/A/CoreText
0x000000000c1d9000 	/System/Library/Frameworks/ApplicationServices.framework/Versions/A/Frameworks/ATS.framework/Versions/A/ATS
0x000000000c1d9000 	/System/Library/Frameworks/ApplicationServices.framework/Versions/A/Frameworks/ColorSync.framework/Versions/A/ColorSync
0x000000000c1d9000 	/System/Library/Frameworks/ApplicationServices.framework/Versions/A/Frameworks/HIServices.framework/Versions/A/HIServices
0x000000000c1d9000 	/System/Library/Frameworks/ApplicationServices.framework/Versions/A/Frameworks/LangAnalysis.framework/Versions/A/LangAnalysis
0x000000000c1d9000 	/System/Library/Frameworks/ApplicationServices.framework/Versions/A/Frameworks/PrintCore.framework/Versions/A/PrintCore
0x000000000c1d9000 	/System/Library/Frameworks/ApplicationServices.framework/Versions/A/Frameworks/QD.framework/Versions/A/QD
0x000000000c1d9000 	/System/Library/Frameworks/ApplicationServices.framework/Versions/A/Frameworks/SpeechSynthesis.framework/Versions/A/SpeechSynthesis
0x000000000c1d9000 	/System/Library/Frameworks/IOSurface.framework/Versions/A/IOSurface
0x000000000c1d9000 	/System/Library/Frameworks/Accelerate.framework/Versions/A/Accelerate
0x000000000c1d9000 	/System/Library/Frameworks/ApplicationServices.framework/Versions/A/Frameworks/ImageIO.framework/Versions/A/Resources/libJPEG.dylib
0x000000000c1d9000 	/System/Library/Frameworks/ApplicationServices.framework/Versions/A/Frameworks/ImageIO.framework/Versions/A/Resources/libTIFF.dylib
0x000000000c1d9000 	/System/Library/Frameworks/ApplicationServices.framework/Versions/A/Frameworks/ImageIO.framework/Versions/A/Resources/libPng.dylib
0x000000000c1d9000 	/System/Library/Frameworks/ApplicationServices.framework/Versions/A/Frameworks/ImageIO.framework/Versions/A/Resources/libGIF.dylib
0x000000000c1d9000 	/System/Library/Frameworks/ApplicationServices.framework/Versions/A/Frameworks/ImageIO.framework/Versions/A/Resources/libJP2.dylib
0x000000000c1d9000 	/System/Library/Frameworks/ApplicationServices.framework/Versions/A/Frameworks/ImageIO.framework/Versions/A/Resources/libRadiance.dylib
0x000000000c1d9000 	/System/Library/Frameworks/Accelerate.framework/Versions/A/Frameworks/vImage.framework/Versions/A/vImage
0x000000000c1d9000 	/System/Library/Frameworks/Accelerate.framework/Versions/A/Frameworks/vecLib.framework/Versions/A/vecLib
0x000000000c1d9000 	/System/Library/Frameworks/Accelerate.framework/Versions/A/Frameworks/vecLib.framework/Versions/A/libvDSP.dylib
0x000000000c1d9000 	/System/Library/Frameworks/Accelerate.framework/Versions/A/Frameworks/vecLib.framework/Versions/A/libvMisc.dylib
0x000000000c1d9000 	/System/Library/Frameworks/Accelerate.framework/Versions/A/Frameworks/vecLib.framework/Versions/A/libLAPACK.dylib
0x000000000c1d9000 	/System/Library/Frameworks/Accelerate.framework/Versions/A/Frameworks/vecLib.framework/Versions/A/libBLAS.dylib
0x000000000c1d9000 	/System/Library/Frameworks/ApplicationServices.framework/Versions/A/Frameworks/ATS.framework/Versions/A/Resources/libFontParser.dylib
0x000000000c1d9000 	/System/Library/Frameworks/ApplicationServices.framework/Versions/A/Frameworks/ATS.framework/Versions/A/Resources/libFontRegistry.dylib
0x000000000c1d9000 	/usr/lib/libcups.2.dylib
0x000000000c1d9000 	/System/Library/Frameworks/Kerberos.framework/Versions/A/Kerberos
0x000000000c1d9000 	/System/Library/Frameworks/GSS.framework/Versions/A/GSS
0x000000000c1d9000 	/usr/lib/libresolv.9.dylib
0x000000000c1d9000 	/usr/lib/libiconv.2.dylib
0x000000000c1d9000 	/System/Library/PrivateFrameworks/Heimdal.framework/Versions/A/Heimdal
0x000000000c1d9000 	/System/Library/Frameworks/OpenDirectory.framework/Versions/A/OpenDirectory
0x000000000c1d9000 	/System/Library/PrivateFrameworks/CommonAuth.framework/Versions/A/CommonAuth
0x000000000c1d9000 	/System/Library/Frameworks/CoreVideo.framework/Versions/A/CoreVideo
0x000000000c1d9000 	/System/Library/Frameworks/QuartzCore.framework/Versions/A/Frameworks/CoreImage.framework/Versions/A/CoreImage
0x000000000c1d9000 	/System/Library/Frameworks/QuartzCore.framework/Versions/A/Frameworks/ScalableUserInterface.framework/Versions/A/ScalableUserInterface
0x000000000c1d9000 	/System/Library/Frameworks/OpenGL.framework/Versions/A/Libraries/libGLU.dylib
0x000000000c1d9000 	/System/Library/Frameworks/OpenGL.framework/Versions/A/Libraries/libGFXShared.dylib
0x000000000c1d9000 	/System/Library/Frameworks/OpenGL.framework/Versions/A/Libraries/libGL.dylib
0x000000000c1d9000 	/System/Library/Frameworks/OpenGL.framework/Versions/A/Libraries/libGLImage.dylib
0x000000000c1d9000 	/System/Library/Frameworks/OpenGL.framework/Versions/A/Libraries/libCVMSPluginSupport.dylib
0x000000000c1d9000 	/System/Library/Frameworks/OpenGL.framework/Versions/A/Libraries/libCoreVMClient.dylib
0x000000000c1d9000 	/System/Library/Frameworks/OpenCL.framework/Versions/A/OpenCL
0x000000000c1d9000 	/System/Library/PrivateFrameworks/FaceCoreLight.framework/Versions/A/FaceCoreLight
0x000000000c1d9000 	/System/Library/Frameworks/vecLib.framework/Versions/A/vecLib
0x000000000c1d9000 	/System/Library/Frameworks/SecurityFoundation.framework/Versions/A/SecurityFoundation
0x000000000c1d9000 	/System/Library/PrivateFrameworks/CommerceKit.framework/Versions/A/Frameworks/CommerceCore.framework/Versions/A/CommerceCore
0x000000000c1d9000 	/System/Library/PrivateFrameworks/CoreSymbolication.framework/Versions/A/CoreSymbolication
0x000000000c1d9000 	/System/Library/PrivateFrameworks/Symbolication.framework/Versions/A/Symbolication
0x000000000c1d9000 	/System/Library/PrivateFrameworks/DebugSymbols.framework/Versions/A/DebugSymbols
0x000000010a200000 	/Library/Java/JavaVirtualMachines/jdk1.7.0_40.jdk/Contents/Home/jre/lib/server/libjvm.dylib
0x000000010a0ef000 	/Library/Java/JavaVirtualMachines/jdk1.7.0_40.jdk/Contents/Home/jre/lib/libverify.dylib
0x000000010ad55000 	/Library/Java/JavaVirtualMachines/jdk1.7.0_40.jdk/Contents/Home/jre/lib/libjava.dylib
0x000000010ad8d000 	/Library/Java/JavaVirtualMachines/jdk1.7.0_40.jdk/Contents/Home/jre/lib/libzip.dylib
0x0000000114602000 	/System/Library/Frameworks/JavaVM.framework/Frameworks/JavaRuntimeSupport.framework/JavaRuntimeSupport
0x000000011461a000 	/System/Library/Frameworks/JavaVM.framework/Versions/A/Frameworks/JavaNativeFoundation.framework/Versions/A/JavaNativeFoundation
0x000000011462f000 	/System/Library/Frameworks/JavaVM.framework/Versions/A/JavaVM
0x000000000c1d9000 	/System/Library/Frameworks/Carbon.framework/Versions/A/Carbon
0x000000011463c000 	/System/Library/PrivateFrameworks/JavaLaunching.framework/Versions/A/JavaLaunching
0x000000000c1d9000 	/System/Library/Frameworks/Carbon.framework/Versions/A/Frameworks/CommonPanels.framework/Versions/A/CommonPanels
0x000000000c1d9000 	/System/Library/Frameworks/Carbon.framework/Versions/A/Frameworks/Help.framework/Versions/A/Help
0x000000000c1d9000 	/System/Library/Frameworks/Carbon.framework/Versions/A/Frameworks/ImageCapture.framework/Versions/A/ImageCapture
0x000000000c1d9000 	/System/Library/Frameworks/Carbon.framework/Versions/A/Frameworks/OpenScripting.framework/Versions/A/OpenScripting
0x000000000c1d9000 	/System/Library/Frameworks/Carbon.framework/Versions/A/Frameworks/Print.framework/Versions/A/Print
0x000000000c1d9000 	/System/Library/Frameworks/Carbon.framework/Versions/A/Frameworks/SecurityHI.framework/Versions/A/SecurityHI
0x0000000114f40000 	/Library/Java/JavaVirtualMachines/jdk1.7.0_40.jdk/Contents/Home/jre/lib/libawt.dylib
0x0000000114fef000 	/Library/Java/JavaVirtualMachines/jdk1.7.0_40.jdk/Contents/Home/jre/lib/./libmlib_image.dylib
0x00000001150bb000 	/Library/Java/JavaVirtualMachines/jdk1.7.0_40.jdk/Contents/Home/jre/lib/lwawt/liblwawt.dylib
0x000000011516f000 	/Library/Java/JavaVirtualMachines/jdk1.7.0_40.jdk/Contents/Home/jre/lib/server/../libosxapp.dylib
0x0000000115189000 	/System/Library/Frameworks/ExceptionHandling.framework/Versions/A/ExceptionHandling
0x000000000c1d9000 	/System/Library/PrivateFrameworks/CoreServicesInternal.framework/Versions/A/CoreServicesInternal
0x000000000c1d9000 	/System/Library/Frameworks/ApplicationServices.framework/Versions/A/Frameworks/CoreGraphics.framework/Versions/A/Resources/libCSync.A.dylib
0x000000000c1d9000 	/System/Library/Frameworks/ApplicationServices.framework/Versions/A/Frameworks/CoreGraphics.framework/Versions/A/Resources/libRIP.A.dylib
0x000000000c1d9000 	/System/Library/Frameworks/ApplicationServices.framework/Versions/A/Frameworks/CoreGraphics.framework/Versions/A/Resources/libCGXType.A.dylib
0x00000001189c5000 	/Library/Java/JavaVirtualMachines/jdk1.7.0_40.jdk/Contents/Home/jre/lib/libfontmanager.dylib
0x0000000118b32000 	/System/Library/Frameworks/OpenGL.framework/Resources/GLEngine.bundle/GLEngine
0x0000000118d21000 	/System/Library/Frameworks/OpenGL.framework/Versions/A/Libraries/libGLProgrammability.dylib
0x0000000118ead000 	/System/Library/Extensions/AppleIntelHD3000GraphicsGLDriver.bundle/Contents/MacOS/AppleIntelHD3000GraphicsGLDriver
0x00000001170b1000 	/System/Library/PrivateFrameworks/GPUSupport.framework/Versions/A/Libraries/libGPUSupport.dylib
0x00000001193ba000 	/System/Library/Frameworks/OpenGL.framework/Resources//GLRendererFloat.bundle/GLRendererFloat
0x00000001170c6000 	/System/Library/Frameworks/OpenCL.framework/Versions/A/Libraries/libcldcpuengine.dylib
0x000000000c1d9000 	/System/Library/PrivateFrameworks/DiskImages.framework/Versions/A/DiskImages
0x0000000116349000 	/System/Library/Frameworks/OpenGL.framework/Versions/A/Libraries/libCoreFSCache.dylib
0x000000000c1d9000 	/System/Library/Frameworks/DiscRecording.framework/Versions/A/DiscRecording
0x000000000c1d9000 	/usr/lib/libcurl.4.dylib
0x000000000c1d9000 	/System/Library/PrivateFrameworks/MediaKit.framework/Versions/A/MediaKit
0x000000000c1d9000 	/usr/lib/libssl.0.9.8.dylib
0x000000000c1d9000 	/System/Library/Frameworks/LDAP.framework/Versions/A/LDAP
0x000000000c1d9000 	/usr/lib/libsasl2.2.dylib
0x00000001170d6000 	/Library/Java/JavaVirtualMachines/jdk1.7.0_40.jdk/Contents/Home/jre/lib/libosxui.dylib
0x000000011c300000 	/Users/Marty/Desktop/LeapDeveloperKit/LeapSDK/lib/libLeapJava.dylib
0x000000011c33e000 	/Users/Marty/Desktop/LeapDeveloperKit/LeapSDK/lib/libLeap.dylib

VM Arguments:
jvm_args: -Dfile.encoding=UTF-8 -Djava.library.path=/Users/Marty/Desktop/LeapDeveloperKit/LeapSDK/lib 
java_command: hackmizzouquadcontrolleap.HackMizzouQuadControlLeap
Launcher Type: SUN_STANDARD

Environment Variables:
PATH=/usr/bin:/bin:/usr/sbin:/sbin
LD_LIBRARY_PATH=/Library/Java/JavaVirtualMachines/jdk1.7.0_40.jdk/Contents/Home/jre/lib/amd64:/Library/Java/JavaVirtualMachines/jdk1.7.0_40.jdk/Contents/Home/jre/lib/i386:
SHELL=/bin/bash
DISPLAY=/tmp/launch-5eRRBV/org.x:0
DYLD_LIBRARY_PATH=/Applications/NetBeans/NetBeans 8.0.app/Contents/Resources/NetBeans/webcommon/bin:

Signal Handlers:
SIGSEGV: [libjvm.dylib+0x524b25], sa_mask[0]=0xfffefeff, sa_flags=0x00000043
SIGBUS: [libjvm.dylib+0x524b25], sa_mask[0]=0xfffefeff, sa_flags=0x00000042
SIGFPE: [libjvm.dylib+0x4180e6], sa_mask[0]=0xfffefeff, sa_flags=0x00000042
SIGPIPE: [libjvm.dylib+0x4180e6], sa_mask[0]=0xfffefeff, sa_flags=0x00000042
SIGXFSZ: [libjvm.dylib+0x4180e6], sa_mask[0]=0xfffefeff, sa_flags=0x00000042
SIGILL: [libjvm.dylib+0x4180e6], sa_mask[0]=0xfffefeff, sa_flags=0x00000042
SIGUSR1: SIG_DFL, sa_mask[0]=0x00000000, sa_flags=0x00000002
SIGUSR2: [libjvm.dylib+0x417bd8], sa_mask[0]=0x00000004, sa_flags=0x00000042
SIGHUP: [libjvm.dylib+0x415e67], sa_mask[0]=0xfffefeff, sa_flags=0x00000042
SIGINT: SIG_IGN, sa_mask[0]=0x00000000, sa_flags=0x00000000
SIGTERM: [libjvm.dylib+0x415e67], sa_mask[0]=0xfffefeff, sa_flags=0x00000042
SIGQUIT: [libjvm.dylib+0x415e67], sa_mask[0]=0xfffefeff, sa_flags=0x00000042


---------------  S Y S T E M  ---------------

OS:Bsduname:Darwin 11.4.2 Darwin Kernel Version 11.4.2: Thu Aug 23 16:25:48 PDT 2012; root:xnu-1699.32.7~1/RELEASE_X86_64 x86_64
rlimit: STACK 8192k, CORE 0k, NPROC 709, NOFILE 10240, AS infinity
load average:1.89 2.15 2.04

CPU:total 4 (2 cores per cpu, 2 threads per core) family 6 model 42 stepping 7, cmov, cx8, fxsr, mmx, sse, sse2, sse3, ssse3, sse4.1, sse4.2, popcnt, avx, aes, ht, tsc, tscinvbit

Memory: 4k page, physical 8388608k(2097152k free)

/proc/meminfo:


vm_info: Java HotSpot(TM) 64-Bit Server VM (24.0-b56) for bsd-amd64 JRE (1.7.0_40-b43), built on Aug 26 2013 21:29:19 by "java_re" with gcc 4.2.1 (Based on Apple Inc. build 5658) (LLVM build 2336.11.00)

time: Fri Oct  3 23:21:33 2014
elapsed time: 1 seconds

