#
# A fatal error has been detected by the Java Runtime Environment:
#
#  SIGSEGV (0xb) at pc=0x000000011963102d, pid=27631, tid=45571
#
# JRE version: Java(TM) SE Runtime Environment (7.0_40-b43) (build 1.7.0_40-b43)
# Java VM: Java HotSpot(TM) 64-Bit Server VM (24.0-b56 mixed mode bsd-amd64 compressed oops)
# Problematic frame:
# C  [libLeapJava.dylib+0x402d]  SwigDirector_Listener::onFrame(Leap::Controller const&)+0x17d
#
# Failed to write core dump. Core dumps have been disabled. To enable core dumping, try "ulimit -c unlimited" before starting Java again
#
# If you would like to submit a bug report, please visit:
#   http://bugreport.sun.com/bugreport/crash.jsp
# The crash happened outside the Java Virtual Machine in native code.
# See problematic frame for where to report the bug.
#

---------------  T H R E A D  ---------------

Current thread (0x00007fbfc5190800):  JavaThread "Thread-329" [_thread_in_native, id=45571, stack(0x0000000119b77000,0x0000000119bf7000)]

siginfo:si_signo=SIGSEGV: si_errno=0, si_code=0 (SEGV0), si_addr=0x0000000000000000

Registers:
RAX=0x09c58b0e00000001, RBX=0x00007fbfc3d46640, RCX=0x00007fbfc58120c8, RDX=0x0000000000000004
RSP=0x0000000119bf6d60, RBP=0x0000000119bf6db0, RSI=0x0000000000000007, RDI=0x0000000109e60004
R8 =0x000000010976e000, R9 =0x0000000119bf6628, R10=0x0000000109f1a0f0, R11=0x0000000119bf67c8
R12=0x0000000109629000, R13=0x00007fbfc51909e8, R14=0x0000000000000001, R15=0x0000000109629000
RIP=0x000000011963102d, EFLAGS=0x0000000000010246, ERR=0x0000000000000000
  TRAPNO=0x000000000000000d

Top of Stack: (sp=0x0000000119bf6d60)
0x0000000119bf6d60:   00007fbfc3d47d70 00007fbfc3d467d0
0x0000000119bf6d70:   00007fbfc3d46648 00007fbfc51909e8
0x0000000119bf6d80:   00000001fffffffe 00007fbfc3d46640
0x0000000119bf6d90:   00007fbfc3e5f040 0000000000000001
0x0000000119bf6da0:   00007fbfca005e50 00007fbfc3d467d0
0x0000000119bf6db0:   0000000119bf6ed0 00000001196a71f8
0x0000000119bf6dc0:   0000000000000000 00007fbfc4937528
0x0000000119bf6dd0:   00007fbfc4937210 00007fbfc4937240
0x0000000119bf6de0:   00007fbfc4937568 00007fbfc49374e8
0x0000000119bf6df0:   0000000000000000 00007fbfc49375a8
0x0000000119bf6e00:   00007fbfc4937000 0000000000000001
0x0000000119bf6e10:   0000000000000000 0000000000000000
0x0000000119bf6e20:   0000000000000000 00007fbfc3e5f040
0x0000000119bf6e30:   00007fbfc3e5f040 00007fbfc3e5f040
0x0000000119bf6e40:   0000000000000001 0000000000000000
0x0000000119bf6e50:   0000000000000000 00007fbfca005e50
0x0000000119bf6e60:   00007fbfca005e50 00007fbfca005e50
0x0000000119bf6e70:   0000000000000001 00007fbfc4937210
0x0000000119bf6e80:   00007fbfc3d49860 00007fbfc4937568
0x0000000119bf6e90:   0000000000000001 00007fbfc4937240
0x0000000119bf6ea0:   00007fbfc3d49ae0 00007fbfc3d4cd70
0x0000000119bf6eb0:   000000000000b203 00007fbfc3d4ce70
0x0000000119bf6ec0:   00007fbfc3d4cd70 00000001196f7170
0x0000000119bf6ed0:   0000000119bf6f10 00000001196f722a
0x0000000119bf6ee0:   00000000002a6990 0000000000000000
0x0000000119bf6ef0:   000000000000b203 0000000119bf7000
0x0000000119bf6f00:   00007fbfc3d4ce70 00000001196f7170
0x0000000119bf6f10:   0000000119bf6f50 00007fff982c68bf
0x0000000119bf6f20:   0000000000000000 0000000000000000
0x0000000119bf6f30:   0000000000000000 0000000000000000
0x0000000119bf6f40:   0000000000000000 0000000000000000
0x0000000119bf6f50:   0000000119bf6f78 00007fff982c9b75 

Instructions: (pc=0x000000011963102d)
0x000000011963100d:   48 8b 80 b8 00 00 00 4c 89 ef 4c 89 fe ff d0 83
0x000000011963101d:   7d d0 fe 75 11 48 8b 45 c0 48 8b 78 08 48 8b 07
0x000000011963102d:   48 8b 40 28 ff d0 48 83 c4 28 5b 41 5c 41 5d 41
0x000000011963103d:   5e 41 5f 5d c3 48 89 c3 83 7d d0 fe 75 14 48 8b 

Register to memory mapping:

RAX=0x09c58b0e00000001 is an unknown value
RBX=0x00007fbfc3d46640 is an unknown value
RCX=0x00007fbfc58120c8 is an unknown value
RDX=0x0000000000000004 is an unknown value
RSP=0x0000000119bf6d60 is pointing into the stack for thread: 0x00007fbfc5190800
RBP=0x0000000119bf6db0 is pointing into the stack for thread: 0x00007fbfc5190800
RSI=0x0000000000000007 is an unknown value
RDI=0x0000000109e60004: _ZL9flagTable+0x5294 in /Library/Java/JavaVirtualMachines/jdk1.7.0_40.jdk/Contents/Home/jre/lib/server/libjvm.dylib at 0x0000000109700000
R8 =0x000000010976e000: _ZN5State17MachNodeGeneratorEiP7Compile+0x8a70 in /Library/Java/JavaVirtualMachines/jdk1.7.0_40.jdk/Contents/Home/jre/lib/server/libjvm.dylib at 0x0000000109700000
R9 =0x0000000119bf6628 is pointing into the stack for thread: 0x00007fbfc5190800
R10=0x0000000109f1a0f0: _ZN19TemplateInterpreter13_active_tableE+0x4000 in /Library/Java/JavaVirtualMachines/jdk1.7.0_40.jdk/Contents/Home/jre/lib/server/libjvm.dylib at 0x0000000109700000
R11=0x0000000119bf67c8 is pointing into the stack for thread: 0x00007fbfc5190800
R12=0x0000000109629000 is an unknown value
R13=0x00007fbfc51909e8 is an unknown value
R14=0x0000000000000001 is an unknown value
R15=0x0000000109629000 is an unknown value


Stack: [0x0000000119b77000,0x0000000119bf7000],  sp=0x0000000119bf6d60,  free space=511k
Native frames: (J=compiled Java code, j=interpreted, Vv=VM code, C=native code)
C  [libLeapJava.dylib+0x402d]  SwigDirector_Listener::onFrame(Leap::Controller const&)+0x17d
C  [libLeap.dylib+0x301f8]  Leap::InteractionBox::toCString() const+0x2bd8
C  [libLeap.dylib+0x8022a]  Leap::Tool::toCString() const+0x3777a
C  [libsystem_c.dylib+0x4e8bf]  _pthread_start+0x14f
C  [libsystem_c.dylib+0x51b75]  thread_start+0xd


---------------  P R O C E S S  ---------------

Java Threads: ( => current thread )
=>0x00007fbfc5190800 JavaThread "Thread-329" [_thread_in_native, id=45571, stack(0x0000000119b77000,0x0000000119bf7000)]
  0x00007fbfc4177800 JavaThread "AWT-Shutdown" [_thread_blocked, id=28167, stack(0x0000000119e03000,0x0000000119f03000)]
  0x00007fbfc416a800 JavaThread "DestroyJavaVM" [_thread_blocked, id=7427, stack(0x000000010a153000,0x000000010a253000)]
  0x00007fbfc49a0000 JavaThread "Thread-1" [_thread_in_Java, id=46595, stack(0x0000000119d00000,0x0000000119e00000)]
  0x00007fbfc513e000 JavaThread "Java2D Disposer" daemon [_thread_blocked, id=43267, stack(0x000000011952b000,0x000000011962b000)]
  0x00007fbfc490c000 JavaThread "Java2D Queue Flusher" daemon [_thread_blocked, id=37135, stack(0x000000011882a000,0x000000011892a000)]
  0x00007fbfc5038000 JavaThread "AppKit Thread" daemon [_thread_in_native, id=1799, stack(0x00007fff688cd000,0x00007fff690cd000)]
  0x00007fbfc486c800 JavaThread "Service Thread" daemon [_thread_blocked, id=21763, stack(0x0000000113fed000,0x00000001140ed000)]
  0x00007fbfc486b800 JavaThread "C2 CompilerThread1" daemon [_thread_blocked, id=21251, stack(0x0000000113eea000,0x0000000113fea000)]
  0x00007fbfc4848800 JavaThread "C2 CompilerThread0" daemon [_thread_blocked, id=20739, stack(0x0000000113de7000,0x0000000113ee7000)]
  0x00007fbfc5002800 JavaThread "Signal Dispatcher" daemon [_thread_blocked, id=20227, stack(0x0000000113ce4000,0x0000000113de4000)]
  0x00007fbfc4049800 JavaThread "Finalizer" daemon [_thread_in_native, id=15875, stack(0x00000001139ef000,0x0000000113aef000)]
  0x00007fbfc4847800 JavaThread "Reference Handler" daemon [_thread_blocked, id=15363, stack(0x00000001138ec000,0x00000001139ec000)]

Other Threads:
  0x00007fbfc6006800 VMThread [stack: 0x00000001137e9000,0x00000001138e9000] [id=14851]
  0x00007fbfc486a000 WatcherThread [stack: 0x00000001140f0000,0x00000001141f0000] [id=22275]

VM state:not at safepoint (normal execution)

VM Mutex/Monitor currently owned by a thread: None

Heap
 PSYoungGen      total 140288K, used 96861K [0x00000007d5500000, 0x00000007e4d80000, 0x0000000800000000)
  eden space 135168K, 67% used [0x00000007d5500000,0x00000007dae977a8,0x00000007dd900000)
  from space 5120K, 100% used [0x00000007dd900000,0x00000007dde00000,0x00000007dde00000)
  to   space 34304K, 0% used [0x00000007e2c00000,0x00000007e2c00000,0x00000007e4d80000)
 ParOldGen       total 162816K, used 102267K [0x0000000780000000, 0x0000000789f00000, 0x00000007d5500000)
  object space 162816K, 62% used [0x0000000780000000,0x00000007863ded28,0x0000000789f00000)
 PSPermGen       total 21504K, used 7809K [0x000000077ae00000, 0x000000077c300000, 0x0000000780000000)
  object space 21504K, 36% used [0x000000077ae00000,0x000000077b5a05b8,0x000000077c300000)

Card table byte_map: [0x000000010d345000,0x000000010d76f000] byte_map_base: 0x000000010976e000

Polling page: 0x00000001095d7000

Code Cache  [0x000000010a285000, 0x000000010a4f5000, 0x000000010d285000)
 total_blobs=424 nmethods=62 adapters=317 free_code_cache=48567Kb largest_free_block=49701888

Compilation events (10 events):
Event: 2.584 Thread 0x00007fbfc486b800   57 % !         java.lang.ref.Finalizer$FinalizerThread::run @ 13 (34 bytes)
Event: 2.591 Thread 0x00007fbfc486b800 nmethod 57% 0x000000010a30fc10 code [0x000000010a30fd80, 0x000000010a3101a8]
Event: 3.140 Thread 0x00007fbfc4848800   58 % !         java.lang.ref.Reference$ReferenceHandler::run @ 0 (108 bytes)
Event: 3.142 Thread 0x00007fbfc486b800   59 % !         java.lang.ref.Finalizer$FinalizerThread::run @ 13 (34 bytes)
Event: 3.153 Thread 0x00007fbfc486b800 nmethod 59% 0x000000010a316510 code [0x000000010a3166c0, 0x000000010a316de0]
Event: 3.155 Thread 0x00007fbfc4848800 nmethod 58% 0x000000010a311490 code [0x000000010a311640, 0x000000010a312358]
Event: 3.242 Thread 0x00007fbfc486b800   60             java.awt.Component::repaint (16 bytes)
Event: 3.243 Thread 0x00007fbfc4848800   61             javax.swing.JFrame::repaint (37 bytes)
Event: 3.258 Thread 0x00007fbfc4848800 nmethod 61 0x000000010a31d650 code [0x000000010a31d840, 0x000000010a31e280]
Event: 3.258 Thread 0x00007fbfc486b800 nmethod 60 0x000000010a31bf90 code [0x000000010a31c180, 0x000000010a31cb80]

GC Heap History (10 events):
Event: 3.043 GC heap before
{Heap before GC invocations=2 (full 0):
 PSYoungGen      total 38912K, used 38896K [0x00000007d5500000, 0x00000007da100000, 0x0000000800000000)
  eden space 33792K, 100% used [0x00000007d5500000,0x00000007d7600000,0x00000007d7600000)
  from space 5120K, 99% used [0x00000007d7600000,0x00000007d7afc010,0x00000007d7b00000)
  to   space 5120K, 0% used [0x00000007d9c00000,0x00000007d9c00000,0x00000007da100000)
 ParOldGen       total 87040K, used 15031K [0x0000000780000000, 0x0000000785500000, 0x00000007d5500000)
  object space 87040K, 17% used [0x0000000780000000,0x0000000780eade08,0x0000000785500000)
 PSPermGen       total 21504K, used 7797K [0x000000077ae00000, 0x000000077c300000, 0x0000000780000000)
  object space 21504K, 36% used [0x000000077ae00000,0x000000077b59d608,0x000000077c300000)
Event: 3.137 GC heap after
Heap after GC invocations=2 (full 0):
 PSYoungGen      total 72704K, used 5120K [0x00000007d5500000, 0x00000007da100000, 0x0000000800000000)
  eden space 67584K, 0% used [0x00000007d5500000,0x00000007d5500000,0x00000007d9700000)
  from space 5120K, 100% used [0x00000007d9c00000,0x00000007da100000,0x00000007da100000)
  to   space 5120K, 0% used [0x00000007d9700000,0x00000007d9700000,0x00000007d9c00000)
 ParOldGen       total 87040K, used 34879K [0x0000000780000000, 0x0000000785500000, 0x00000007d5500000)
  object space 87040K, 40% used [0x0000000780000000,0x000000078220fe08,0x0000000785500000)
 PSPermGen       total 21504K, used 7797K [0x000000077ae00000, 0x000000077c300000, 0x0000000780000000)
  object space 21504K, 36% used [0x000000077ae00000,0x000000077b59d608,0x000000077c300000)
}
Event: 3.900 GC heap before
{Heap before GC invocations=3 (full 0):
 PSYoungGen      total 72704K, used 72704K [0x00000007d5500000, 0x00000007da100000, 0x0000000800000000)
  eden space 67584K, 100% used [0x00000007d5500000,0x00000007d9700000,0x00000007d9700000)
  from space 5120K, 100% used [0x00000007d9c00000,0x00000007da100000,0x00000007da100000)
  to   space 5120K, 0% used [0x00000007d9700000,0x00000007d9700000,0x00000007d9c00000)
 ParOldGen       total 87040K, used 34879K [0x0000000780000000, 0x0000000785500000, 0x00000007d5500000)
  object space 87040K, 40% used [0x0000000780000000,0x000000078220fe08,0x0000000785500000)
 PSPermGen       total 21504K, used 7810K [0x000000077ae00000, 0x000000077c300000, 0x0000000780000000)
  object space 21504K, 36% used [0x000000077ae00000,0x000000077b5a0828,0x000000077c300000)
Event: 4.014 GC heap after
Heap after GC invocations=3 (full 0):
 PSYoungGen      total 72704K, used 5120K [0x00000007d5500000, 0x00000007de300000, 0x0000000800000000)
  eden space 67584K, 0% used [0x00000007d5500000,0x00000007d5500000,0x00000007d9700000)
  from space 5120K, 100% used [0x00000007d9700000,0x00000007d9c00000,0x00000007d9c00000)
  to   space 5120K, 0% used [0x00000007dde00000,0x00000007dde00000,0x00000007de300000)
 ParOldGen       total 87040K, used 59567K [0x0000000780000000, 0x0000000785500000, 0x00000007d5500000)
  object space 87040K, 68% used [0x0000000780000000,0x0000000783a2be08,0x0000000785500000)
 PSPermGen       total 21504K, used 7810K [0x000000077ae00000, 0x000000077c300000, 0x0000000780000000)
  object space 21504K, 36% used [0x000000077ae00000,0x000000077b5a0828,0x000000077c300000)
}
Event: 4.659 GC heap before
{Heap before GC invocations=4 (full 0):
 PSYoungGen      total 72704K, used 72704K [0x00000007d5500000, 0x00000007de300000, 0x0000000800000000)
  eden space 67584K, 100% used [0x00000007d5500000,0x00000007d9700000,0x00000007d9700000)
  from space 5120K, 100% used [0x00000007d9700000,0x00000007d9c00000,0x00000007d9c00000)
  to   space 5120K, 0% used [0x00000007dde00000,0x00000007dde00000,0x00000007de300000)
 ParOldGen       total 87040K, used 59567K [0x0000000780000000, 0x0000000785500000, 0x00000007d5500000)
  object space 87040K, 68% used [0x0000000780000000,0x0000000783a2be08,0x0000000785500000)
 PSPermGen       total 21504K, used 7810K [0x000000077ae00000, 0x000000077c300000, 0x0000000780000000)
  object space 21504K, 36% used [0x000000077ae00000,0x000000077b5a0828,0x000000077c300000)
Event: 4.771 GC heap after
Heap after GC invocations=4 (full 0):
 PSYoungGen      total 140288K, used 5120K [0x00000007d5500000, 0x00000007de300000, 0x0000000800000000)
  eden space 135168K, 0% used [0x00000007d5500000,0x00000007d5500000,0x00000007dd900000)
  from space 5120K, 100% used [0x00000007dde00000,0x00000007de300000,0x00000007de300000)
  to   space 5120K, 0% used [0x00000007dd900000,0x00000007dd900000,0x00000007dde00000)
 ParOldGen       total 87040K, used 83887K [0x0000000780000000, 0x0000000785500000, 0x00000007d5500000)
  object space 87040K, 96% used [0x0000000780000000,0x00000007851ebe08,0x0000000785500000)
 PSPermGen       total 21504K, used 7810K [0x000000077ae00000, 0x000000077c300000, 0x0000000780000000)
  object space 21504K, 36% used [0x000000077ae00000,0x000000077b5a0828,0x000000077c300000)
}
Event: 4.771 GC heap before
{Heap before GC invocations=5 (full 1):
 PSYoungGen      total 140288K, used 5120K [0x00000007d5500000, 0x00000007de300000, 0x0000000800000000)
  eden space 135168K, 0% used [0x00000007d5500000,0x00000007d5500000,0x00000007dd900000)
  from space 5120K, 100% used [0x00000007dde00000,0x00000007de300000,0x00000007de300000)
  to   space 5120K, 0% used [0x00000007dd900000,0x00000007dd900000,0x00000007dde00000)
 ParOldGen       total 87040K, used 83887K [0x0000000780000000, 0x0000000785500000, 0x00000007d5500000)
  object space 87040K, 96% used [0x0000000780000000,0x00000007851ebe08,0x0000000785500000)
 PSPermGen       total 21504K, used 7810K [0x000000077ae00000, 0x000000077c300000, 0x0000000780000000)
  object space 21504K, 36% used [0x000000077ae00000,0x000000077b5a0828,0x000000077c300000)
Event: 5.780 GC heap after
Heap after GC invocations=5 (full 1):
 PSYoungGen      total 140288K, used 0K [0x00000007d5500000, 0x00000007de300000, 0x0000000800000000)
  eden space 135168K, 0% used [0x00000007d5500000,0x00000007d5500000,0x00000007dd900000)
  from space 5120K, 0% used [0x00000007dde00000,0x00000007dde00000,0x00000007de300000)
  to   space 5120K, 0% used [0x00000007dd900000,0x00000007dd900000,0x00000007dde00000)
 ParOldGen       total 162816K, used 79139K [0x0000000780000000, 0x0000000789f00000, 0x00000007d5500000)
  object space 162816K, 48% used [0x0000000780000000,0x0000000784d48d28,0x0000000789f00000)
 PSPermGen       total 21504K, used 7808K [0x000000077ae00000, 0x000000077c300000, 0x0000000780000000)
  object space 21504K, 36% used [0x000000077ae00000,0x000000077b5a0010,0x000000077c300000)
}
Event: 6.696 GC heap before
{Heap before GC invocations=6 (full 1):
 PSYoungGen      total 140288K, used 135168K [0x00000007d5500000, 0x00000007de300000, 0x0000000800000000)
  eden space 135168K, 100% used [0x00000007d5500000,0x00000007dd900000,0x00000007dd900000)
  from space 5120K, 0% used [0x00000007dde00000,0x00000007dde00000,0x00000007de300000)
  to   space 5120K, 0% used [0x00000007dd900000,0x00000007dd900000,0x00000007dde00000)
 ParOldGen       total 162816K, used 79139K [0x0000000780000000, 0x0000000789f00000, 0x00000007d5500000)
  object space 162816K, 48% used [0x0000000780000000,0x0000000784d48d28,0x0000000789f00000)
 PSPermGen       total 21504K, used 7808K [0x000000077ae00000, 0x000000077c300000, 0x0000000780000000)
  object space 21504K, 36% used [0x000000077ae00000,0x000000077b5a0010,0x000000077c300000)
Event: 6.837 GC heap after
Heap after GC invocations=6 (full 1):
 PSYoungGen      total 140288K, used 5120K [0x00000007d5500000, 0x00000007e4d80000, 0x0000000800000000)
  eden space 135168K, 0% used [0x00000007d5500000,0x00000007d5500000,0x00000007dd900000)
  from space 5120K, 100% used [0x00000007dd900000,0x00000007dde00000,0x00000007dde00000)
  to   space 34304K, 0% used [0x00000007e2c00000,0x00000007e2c00000,0x00000007e4d80000)
 ParOldGen       total 162816K, used 102267K [0x0000000780000000, 0x0000000789f00000, 0x00000007d5500000)
  object space 162816K, 62% used [0x0000000780000000,0x00000007863ded28,0x0000000789f00000)
 PSPermGen       total 21504K, used 7808K [0x000000077ae00000, 0x000000077c300000, 0x0000000780000000)
  object space 21504K, 36% used [0x000000077ae00000,0x000000077b5a0010,0x000000077c300000)
}

Deoptimization events (10 events):
Event: 1.789 Thread 0x00007fbfc5038000 Uncommon trap: reason=null_check action=make_not_entrant pc=0x000000010a2f9028 method=java.lang.String.equals(Ljava/lang/Object;)Z @ 8
Event: 2.542 Thread 0x00007fbfc4847800 Uncommon trap: reason=unreached action=reinterpret pc=0x000000010a30e5a8 method=java.lang.ref.Reference$ReferenceHandler.run()V @ 23
Event: 2.542 Thread 0x00007fbfc4847800 Uncommon trap: reason=unreached action=reinterpret pc=0x000000010a30ef70 method=java.lang.ref.ReferenceQueue.enqueue(Ljava/lang/ref/Reference;)Z @ 37
Event: 2.741 Thread 0x00007fbfc4049800 Uncommon trap: reason=unreached action=reinterpret pc=0x000000010a310104 method=java.lang.ref.ReferenceQueue.reallyPoll()Ljava/lang/ref/Reference; @ 18
Event: 2.741 Thread 0x00007fbfc4049800 Uncommon trap: reason=unreached action=reinterpret pc=0x000000010a309d04 method=java.lang.ref.ReferenceQueue.reallyPoll()Ljava/lang/ref/Reference; @ 4
Event: 3.213 Thread 0x00007fbfc600e800 Uncommon trap: reason=unreached action=reinterpret pc=0x000000010a305108 method=sun.awt.AppContext.get(Ljava/lang/Object;)Ljava/lang/Object; @ 21
Event: 3.213 Thread 0x00007fbfc49a0000 Uncommon trap: reason=unreached action=reinterpret pc=0x000000010a30b648 method=sun.awt.AppContext.get(Ljava/lang/Object;)Ljava/lang/Object; @ 21
Event: 3.213 Thread 0x00007fbfc49a0000 Uncommon trap: reason=unreached action=reinterpret pc=0x000000010a30cda8 method=sun.awt.AppContext.get(Ljava/lang/Object;)Ljava/lang/Object; @ 21
Event: 7.424 Thread 0x00007fbfc4049800 Uncommon trap: reason=unreached action=reinterpret pc=0x000000010a30f900 method=java.lang.ref.ReferenceQueue.reallyPoll()Ljava/lang/ref/Reference; @ 18
Event: 7.425 Thread 0x00007fbfc4049800 Uncommon trap: reason=unreached action=reinterpret pc=0x000000010a305d08 method=java.lang.ref.Reference.<init>(Ljava/lang/Object;Ljava/lang/ref/ReferenceQueue;)V @ 11

Internal exceptions (10 events):
Event: 1.839 Thread 0x00007fbfc4800000 Threw 0x00000007d56eff08 at /HUDSON/workspace/jdk7u40-2-build-macosx-amd64-product/jdk7u40/hotspot/src/share/vm/prims/jvm.cpp:1244
Event: 1.841 Thread 0x00007fbfc4800000 Threw 0x00000007d56f3be0 at /HUDSON/workspace/jdk7u40-2-build-macosx-amd64-product/jdk7u40/hotspot/src/share/vm/prims/jvm.cpp:1244
Event: 1.841 Thread 0x00007fbfc4800000 Threw 0x00000007d56f4f80 at /HUDSON/workspace/jdk7u40-2-build-macosx-amd64-product/jdk7u40/hotspot/src/share/vm/prims/jvm.cpp:1244
Event: 1.843 Thread 0x00007fbfc4800000 Threw 0x00000007d58532d8 at /HUDSON/workspace/jdk7u40-2-build-macosx-amd64-product/jdk7u40/hotspot/src/share/vm/prims/jvm.cpp:1244
Event: 1.843 Thread 0x00007fbfc4800000 Threw 0x00000007d5854758 at /HUDSON/workspace/jdk7u40-2-build-macosx-amd64-product/jdk7u40/hotspot/src/share/vm/prims/jvm.cpp:1244
Event: 1.874 Thread 0x00007fbfc4800000 Threw 0x00000007d588a4b8 at /HUDSON/workspace/jdk7u40-2-build-macosx-amd64-product/jdk7u40/hotspot/src/share/vm/prims/jvm.cpp:1244
Event: 1.875 Thread 0x00007fbfc4800000 Threw 0x00000007d58901f8 at /HUDSON/workspace/jdk7u40-2-build-macosx-amd64-product/jdk7u40/hotspot/src/share/vm/prims/jvm.cpp:1244
Event: 1.877 Thread 0x00007fbfc4800000 Threw 0x00000007d5893a88 at /HUDSON/workspace/jdk7u40-2-build-macosx-amd64-product/jdk7u40/hotspot/src/share/vm/prims/jvm.cpp:1244
Event: 1.887 Thread 0x00007fbfc49a0000 Threw 0x00000007d59a00c0 at /HUDSON/workspace/jdk7u40-2-build-macosx-amd64-product/jdk7u40/hotspot/src/share/vm/prims/jvm.cpp:1244
Event: 1.989 Thread 0x00007fbfc4800000 Threw 0x00000007d5ced2a0 at /HUDSON/workspace/jdk7u40-2-build-macosx-amd64-product/jdk7u40/hotspot/src/share/vm/prims/jvm.cpp:1244

Events (10 events):
Event: 7.402 Thread 0x00007fbfc5190800 Thread exited: 0x00007fbfc5190800
Event: 7.413 Thread 0x00007fbfc5190800 Thread added: 0x00007fbfc5190800
Event: 7.413 Thread 0x00007fbfc5190800 Thread exited: 0x00007fbfc5190800
Event: 7.424 Thread 0x00007fbfc5190800 Thread added: 0x00007fbfc5190800
Event: 7.424 Thread 0x00007fbfc4049800 Uncommon trap: trap_request=0xffffffad fr.pc=0x000000010a30f900
Event: 7.424 Thread 0x00007fbfc4049800 DEOPT PACKING pc=0x000000010a30f900 sp=0x0000000113aee1d0
Event: 7.424 Thread 0x00007fbfc4049800 DEOPT UNPACKING pc=0x000000010a2be045 sp=0x0000000113aee190 mode 2
Event: 7.425 Thread 0x00007fbfc4049800 Uncommon trap: trap_request=0xffffffad fr.pc=0x000000010a305d08
Event: 7.425 Thread 0x00007fbfc4049800 DEOPT PACKING pc=0x000000010a305d08 sp=0x0000000113aee1b0
Event: 7.425 Thread 0x00007fbfc4049800 DEOPT UNPACKING pc=0x000000010a2be045 sp=0x0000000113aee170 mode 2


Dynamic libraries:
0x000000000c1d9000 	/System/Library/Frameworks/Cocoa.framework/Versions/A/Cocoa
0x000000000c1d9000 	/System/Library/Frameworks/Security.framework/Versions/A/Security
0x000000000c1d9000 	/System/Library/Frameworks/ApplicationServices.framework/Versions/A/ApplicationServices
0x000000000c1d9000 	/usr/lib/libz.1.dylib
0x000000000c1d9000 	/usr/lib/libSystem.B.dylib
0x000000000c1d9000 	/usr/lib/libobjc.A.dylib
0x000000000c1d9000 	/System/Library/Frameworks/CoreFoundation.framework/Versions/A/CoreFoundation
0x000000000c1d9000 	/System/Library/Frameworks/Foundation.framework/Versions/C/Foundation
0x000000000c1d9000 	/System/Library/Frameworks/AppKit.framework/Versions/C/AppKit
0x000000000c1d9000 	/System/Library/Frameworks/CoreData.framework/Versions/A/CoreData
0x000000000c1d9000 	/System/Library/PrivateFrameworks/RemoteViewServices.framework/Versions/A/RemoteViewServices
0x000000000c1d9000 	/System/Library/Frameworks/AudioToolbox.framework/Versions/A/AudioToolbox
0x000000000c1d9000 	/System/Library/Frameworks/AudioUnit.framework/Versions/A/AudioUnit
0x000000000c1d9000 	/System/Library/PrivateFrameworks/DataDetectorsCore.framework/Versions/A/DataDetectorsCore
0x000000000c1d9000 	/System/Library/PrivateFrameworks/DesktopServicesPriv.framework/Versions/A/DesktopServicesPriv
0x000000000c1d9000 	/System/Library/Frameworks/Carbon.framework/Versions/A/Frameworks/HIToolbox.framework/Versions/A/HIToolbox
0x000000000c1d9000 	/System/Library/Frameworks/QuartzCore.framework/Versions/A/QuartzCore
0x000000000c1d9000 	/System/Library/Frameworks/Carbon.framework/Versions/A/Frameworks/SpeechRecognition.framework/Versions/A/SpeechRecognition
0x000000000c1d9000 	/usr/lib/libauto.dylib
0x000000000c1d9000 	/usr/lib/libicucore.A.dylib
0x000000000c1d9000 	/usr/lib/libxml2.2.dylib
0x000000000c1d9000 	/System/Library/PrivateFrameworks/CoreUI.framework/Versions/A/CoreUI
0x000000000c1d9000 	/System/Library/Frameworks/CoreAudio.framework/Versions/A/CoreAudio
0x000000000c1d9000 	/System/Library/Frameworks/DiskArbitration.framework/Versions/A/DiskArbitration
0x000000000c1d9000 	/usr/lib/liblangid.dylib
0x000000000c1d9000 	/System/Library/PrivateFrameworks/MultitouchSupport.framework/Versions/A/MultitouchSupport
0x000000000c1d9000 	/System/Library/Frameworks/IOKit.framework/Versions/A/IOKit
0x000000000c1d9000 	/usr/lib/libDiagnosticMessagesClient.dylib
0x000000000c1d9000 	/System/Library/Frameworks/CoreServices.framework/Versions/A/CoreServices
0x000000000c1d9000 	/System/Library/PrivateFrameworks/PerformanceAnalysis.framework/Versions/A/PerformanceAnalysis
0x000000000c1d9000 	/System/Library/PrivateFrameworks/GenerationalStorage.framework/Versions/A/GenerationalStorage
0x000000000c1d9000 	/System/Library/Frameworks/OpenGL.framework/Versions/A/OpenGL
0x000000000c1d9000 	/System/Library/Frameworks/CoreServices.framework/Versions/A/Frameworks/CFNetwork.framework/Versions/A/CFNetwork
0x000000000c1d9000 	/System/Library/Frameworks/SystemConfiguration.framework/Versions/A/SystemConfiguration
0x000000000c1d9000 	/usr/lib/libCRFSuite.dylib
0x000000000c1d9000 	/usr/lib/libc++.1.dylib
0x000000000c1d9000 	/usr/lib/libstdc++.6.dylib
0x000000000c1d9000 	/usr/lib/libc++abi.dylib
0x000000000c1d9000 	/usr/lib/system/libcache.dylib
0x000000000c1d9000 	/usr/lib/system/libcommonCrypto.dylib
0x000000000c1d9000 	/usr/lib/system/libcompiler_rt.dylib
0x000000000c1d9000 	/usr/lib/system/libcopyfile.dylib
0x000000000c1d9000 	/usr/lib/system/libdispatch.dylib
0x000000000c1d9000 	/usr/lib/system/libdnsinfo.dylib
0x000000000c1d9000 	/usr/lib/system/libdyld.dylib
0x000000000c1d9000 	/usr/lib/system/libkeymgr.dylib
0x000000000c1d9000 	/usr/lib/system/liblaunch.dylib
0x000000000c1d9000 	/usr/lib/system/libmacho.dylib
0x000000000c1d9000 	/usr/lib/system/libmathCommon.A.dylib
0x000000000c1d9000 	/usr/lib/system/libquarantine.dylib
0x000000000c1d9000 	/usr/lib/system/libremovefile.dylib
0x000000000c1d9000 	/usr/lib/system/libsystem_blocks.dylib
0x000000000c1d9000 	/usr/lib/system/libsystem_c.dylib
0x000000000c1d9000 	/usr/lib/system/libsystem_dnssd.dylib
0x000000000c1d9000 	/usr/lib/system/libsystem_info.dylib
0x000000000c1d9000 	/usr/lib/system/libsystem_kernel.dylib
0x000000000c1d9000 	/usr/lib/system/libsystem_network.dylib
0x000000000c1d9000 	/usr/lib/system/libsystem_notify.dylib
0x000000000c1d9000 	/usr/lib/system/libsystem_sandbox.dylib
0x000000000c1d9000 	/usr/lib/system/libunc.dylib
0x000000000c1d9000 	/usr/lib/system/libunwind.dylib
0x000000000c1d9000 	/usr/lib/system/libxpc.dylib
0x000000000c1d9000 	/usr/lib/libbsm.0.dylib
0x000000000c1d9000 	/usr/lib/libsqlite3.dylib
0x000000000c1d9000 	/usr/lib/libOpenScriptingUtil.dylib
0x000000000c1d9000 	/usr/lib/libpam.2.dylib
0x000000000c1d9000 	/usr/lib/libxar-nossl.dylib
0x000000000c1d9000 	/usr/lib/libbz2.1.0.dylib
0x000000000c1d9000 	/System/Library/Frameworks/CoreServices.framework/Versions/A/Frameworks/CarbonCore.framework/Versions/A/CarbonCore
0x000000000c1d9000 	/System/Library/Frameworks/CoreServices.framework/Versions/A/Frameworks/Metadata.framework/Versions/A/Metadata
0x000000000c1d9000 	/System/Library/Frameworks/CoreServices.framework/Versions/A/Frameworks/OSServices.framework/Versions/A/OSServices
0x000000000c1d9000 	/System/Library/Frameworks/CoreServices.framework/Versions/A/Frameworks/SearchKit.framework/Versions/A/SearchKit
0x000000000c1d9000 	/System/Library/Frameworks/CoreServices.framework/Versions/A/Frameworks/AE.framework/Versions/A/AE
0x000000000c1d9000 	/System/Library/Frameworks/CoreServices.framework/Versions/A/Frameworks/LaunchServices.framework/Versions/A/LaunchServices
0x000000000c1d9000 	/System/Library/Frameworks/CoreServices.framework/Versions/A/Frameworks/DictionaryServices.framework/Versions/A/DictionaryServices
0x000000000c1d9000 	/System/Library/Frameworks/NetFS.framework/Versions/A/NetFS
0x000000000c1d9000 	/usr/lib/system/libkxld.dylib
0x000000000c1d9000 	/System/Library/PrivateFrameworks/NetAuth.framework/Versions/A/NetAuth
0x000000000c1d9000 	/usr/lib/libcrypto.0.9.8.dylib
0x000000000c1d9000 	/System/Library/PrivateFrameworks/TrustEvaluationAgent.framework/Versions/A/TrustEvaluationAgent
0x000000000c1d9000 	/System/Library/Frameworks/OpenDirectory.framework/Versions/A/Frameworks/CFOpenDirectory.framework/Versions/A/CFOpenDirectory
0x000000000c1d9000 	/usr/lib/libxslt.1.dylib
0x000000000c1d9000 	/System/Library/PrivateFrameworks/FamilyControls.framework/Versions/A/FamilyControls
0x000000000c1d9000 	/System/Library/Frameworks/Carbon.framework/Versions/A/Frameworks/Ink.framework/Versions/A/Ink
0x000000000c1d9000 	/System/Library/Frameworks/ApplicationServices.framework/Versions/A/Frameworks/CoreGraphics.framework/Versions/A/CoreGraphics
0x000000000c1d9000 	/System/Library/Frameworks/ApplicationServices.framework/Versions/A/Frameworks/ImageIO.framework/Versions/A/ImageIO
0x000000000c1d9000 	/System/Library/Frameworks/ApplicationServices.framework/Versions/A/Frameworks/CoreText.framework/Versions/A/CoreText
0x000000000c1d9000 	/System/Library/Frameworks/ApplicationServices.framework/Versions/A/Frameworks/ATS.framework/Versions/A/ATS
0x000000000c1d9000 	/System/Library/Frameworks/ApplicationServices.framework/Versions/A/Frameworks/ColorSync.framework/Versions/A/ColorSync
0x000000000c1d9000 	/System/Library/Frameworks/ApplicationServices.framework/Versions/A/Frameworks/HIServices.framework/Versions/A/HIServices
0x000000000c1d9000 	/System/Library/Frameworks/ApplicationServices.framework/Versions/A/Frameworks/LangAnalysis.framework/Versions/A/LangAnalysis
0x000000000c1d9000 	/System/Library/Frameworks/ApplicationServices.framework/Versions/A/Frameworks/PrintCore.framework/Versions/A/PrintCore
0x000000000c1d9000 	/System/Library/Frameworks/ApplicationServices.framework/Versions/A/Frameworks/QD.framework/Versions/A/QD
0x000000000c1d9000 	/System/Library/Frameworks/ApplicationServices.framework/Versions/A/Frameworks/SpeechSynthesis.framework/Versions/A/SpeechSynthesis
0x000000000c1d9000 	/System/Library/Frameworks/IOSurface.framework/Versions/A/IOSurface
0x000000000c1d9000 	/System/Library/Frameworks/Accelerate.framework/Versions/A/Accelerate
0x000000000c1d9000 	/System/Library/Frameworks/ApplicationServices.framework/Versions/A/Frameworks/ImageIO.framework/Versions/A/Resources/libJPEG.dylib
0x000000000c1d9000 	/System/Library/Frameworks/ApplicationServices.framework/Versions/A/Frameworks/ImageIO.framework/Versions/A/Resources/libTIFF.dylib
0x000000000c1d9000 	/System/Library/Frameworks/ApplicationServices.framework/Versions/A/Frameworks/ImageIO.framework/Versions/A/Resources/libPng.dylib
0x000000000c1d9000 	/System/Library/Frameworks/ApplicationServices.framework/Versions/A/Frameworks/ImageIO.framework/Versions/A/Resources/libGIF.dylib
0x000000000c1d9000 	/System/Library/Frameworks/ApplicationServices.framework/Versions/A/Frameworks/ImageIO.framework/Versions/A/Resources/libJP2.dylib
0x000000000c1d9000 	/System/Library/Frameworks/ApplicationServices.framework/Versions/A/Frameworks/ImageIO.framework/Versions/A/Resources/libRadiance.dylib
0x000000000c1d9000 	/System/Library/Frameworks/Accelerate.framework/Versions/A/Frameworks/vImage.framework/Versions/A/vImage
0x000000000c1d9000 	/System/Library/Frameworks/Accelerate.framework/Versions/A/Frameworks/vecLib.framework/Versions/A/vecLib
0x000000000c1d9000 	/System/Library/Frameworks/Accelerate.framework/Versions/A/Frameworks/vecLib.framework/Versions/A/libvDSP.dylib
0x000000000c1d9000 	/System/Library/Frameworks/Accelerate.framework/Versions/A/Frameworks/vecLib.framework/Versions/A/libvMisc.dylib
0x000000000c1d9000 	/System/Library/Frameworks/Accelerate.framework/Versions/A/Frameworks/vecLib.framework/Versions/A/libLAPACK.dylib
0x000000000c1d9000 	/System/Library/Frameworks/Accelerate.framework/Versions/A/Frameworks/vecLib.framework/Versions/A/libBLAS.dylib
0x000000000c1d9000 	/System/Library/Frameworks/ApplicationServices.framework/Versions/A/Frameworks/ATS.framework/Versions/A/Resources/libFontParser.dylib
0x000000000c1d9000 	/System/Library/Frameworks/ApplicationServices.framework/Versions/A/Frameworks/ATS.framework/Versions/A/Resources/libFontRegistry.dylib
0x000000000c1d9000 	/usr/lib/libcups.2.dylib
0x000000000c1d9000 	/System/Library/Frameworks/Kerberos.framework/Versions/A/Kerberos
0x000000000c1d9000 	/System/Library/Frameworks/GSS.framework/Versions/A/GSS
0x000000000c1d9000 	/usr/lib/libresolv.9.dylib
0x000000000c1d9000 	/usr/lib/libiconv.2.dylib
0x000000000c1d9000 	/System/Library/PrivateFrameworks/Heimdal.framework/Versions/A/Heimdal
0x000000000c1d9000 	/System/Library/Frameworks/OpenDirectory.framework/Versions/A/OpenDirectory
0x000000000c1d9000 	/System/Library/PrivateFrameworks/CommonAuth.framework/Versions/A/CommonAuth
0x000000000c1d9000 	/System/Library/Frameworks/CoreVideo.framework/Versions/A/CoreVideo
0x000000000c1d9000 	/System/Library/Frameworks/QuartzCore.framework/Versions/A/Frameworks/CoreImage.framework/Versions/A/CoreImage
0x000000000c1d9000 	/System/Library/Frameworks/QuartzCore.framework/Versions/A/Frameworks/ScalableUserInterface.framework/Versions/A/ScalableUserInterface
0x000000000c1d9000 	/System/Library/Frameworks/OpenGL.framework/Versions/A/Libraries/libGLU.dylib
0x000000000c1d9000 	/System/Library/Frameworks/OpenGL.framework/Versions/A/Libraries/libGFXShared.dylib
0x000000000c1d9000 	/System/Library/Frameworks/OpenGL.framework/Versions/A/Libraries/libGL.dylib
0x000000000c1d9000 	/System/Library/Frameworks/OpenGL.framework/Versions/A/Libraries/libGLImage.dylib
0x000000000c1d9000 	/System/Library/Frameworks/OpenGL.framework/Versions/A/Libraries/libCVMSPluginSupport.dylib
0x000000000c1d9000 	/System/Library/Frameworks/OpenGL.framework/Versions/A/Libraries/libCoreVMClient.dylib
0x000000000c1d9000 	/System/Library/Frameworks/OpenCL.framework/Versions/A/OpenCL
0x000000000c1d9000 	/System/Library/PrivateFrameworks/FaceCoreLight.framework/Versions/A/FaceCoreLight
0x000000000c1d9000 	/System/Library/Frameworks/vecLib.framework/Versions/A/vecLib
0x000000000c1d9000 	/System/Library/Frameworks/SecurityFoundation.framework/Versions/A/SecurityFoundation
0x000000000c1d9000 	/System/Library/PrivateFrameworks/CommerceKit.framework/Versions/A/Frameworks/CommerceCore.framework/Versions/A/CommerceCore
0x000000000c1d9000 	/System/Library/PrivateFrameworks/CoreSymbolication.framework/Versions/A/CoreSymbolication
0x000000000c1d9000 	/System/Library/PrivateFrameworks/Symbolication.framework/Versions/A/Symbolication
0x000000000c1d9000 	/System/Library/PrivateFrameworks/DebugSymbols.framework/Versions/A/DebugSymbols
0x0000000109700000 	/Library/Java/JavaVirtualMachines/jdk1.7.0_40.jdk/Contents/Home/jre/lib/server/libjvm.dylib
0x00000001095ca000 	/Library/Java/JavaVirtualMachines/jdk1.7.0_40.jdk/Contents/Home/jre/lib/libverify.dylib
0x000000010a255000 	/Library/Java/JavaVirtualMachines/jdk1.7.0_40.jdk/Contents/Home/jre/lib/libjava.dylib
0x00000001095e1000 	/Library/Java/JavaVirtualMachines/jdk1.7.0_40.jdk/Contents/Home/jre/lib/libzip.dylib
0x0000000113af1000 	/System/Library/Frameworks/JavaVM.framework/Frameworks/JavaRuntimeSupport.framework/JavaRuntimeSupport
0x00000001095eb000 	/System/Library/Frameworks/JavaVM.framework/Versions/A/Frameworks/JavaNativeFoundation.framework/Versions/A/JavaNativeFoundation
0x0000000113b09000 	/System/Library/Frameworks/JavaVM.framework/Versions/A/JavaVM
0x000000000c1d9000 	/System/Library/Frameworks/Carbon.framework/Versions/A/Carbon
0x0000000113b16000 	/System/Library/PrivateFrameworks/JavaLaunching.framework/Versions/A/JavaLaunching
0x000000000c1d9000 	/System/Library/Frameworks/Carbon.framework/Versions/A/Frameworks/CommonPanels.framework/Versions/A/CommonPanels
0x000000000c1d9000 	/System/Library/Frameworks/Carbon.framework/Versions/A/Frameworks/Help.framework/Versions/A/Help
0x000000000c1d9000 	/System/Library/Frameworks/Carbon.framework/Versions/A/Frameworks/ImageCapture.framework/Versions/A/ImageCapture
0x000000000c1d9000 	/System/Library/Frameworks/Carbon.framework/Versions/A/Frameworks/OpenScripting.framework/Versions/A/OpenScripting
0x000000000c1d9000 	/System/Library/Frameworks/Carbon.framework/Versions/A/Frameworks/Print.framework/Versions/A/Print
0x000000000c1d9000 	/System/Library/Frameworks/Carbon.framework/Versions/A/Frameworks/SecurityHI.framework/Versions/A/SecurityHI
0x000000011441b000 	/Library/Java/JavaVirtualMachines/jdk1.7.0_40.jdk/Contents/Home/jre/lib/libawt.dylib
0x00000001144ca000 	/Library/Java/JavaVirtualMachines/jdk1.7.0_40.jdk/Contents/Home/jre/lib/./libmlib_image.dylib
0x0000000114596000 	/Library/Java/JavaVirtualMachines/jdk1.7.0_40.jdk/Contents/Home/jre/lib/lwawt/liblwawt.dylib
0x000000011464a000 	/Library/Java/JavaVirtualMachines/jdk1.7.0_40.jdk/Contents/Home/jre/lib/server/../libosxapp.dylib
0x0000000114664000 	/System/Library/Frameworks/ExceptionHandling.framework/Versions/A/ExceptionHandling
0x000000000c1d9000 	/System/Library/PrivateFrameworks/CoreServicesInternal.framework/Versions/A/CoreServicesInternal
0x000000000c1d9000 	/System/Library/Frameworks/ApplicationServices.framework/Versions/A/Frameworks/CoreGraphics.framework/Versions/A/Resources/libCSync.A.dylib
0x000000000c1d9000 	/System/Library/Frameworks/ApplicationServices.framework/Versions/A/Frameworks/CoreGraphics.framework/Versions/A/Resources/libRIP.A.dylib
0x000000000c1d9000 	/System/Library/Frameworks/ApplicationServices.framework/Versions/A/Frameworks/CoreGraphics.framework/Versions/A/Resources/libCGXType.A.dylib
0x000000000c1d9000 	/System/Library/PrivateFrameworks/CrashReporterSupport.framework/Versions/A/CrashReporterSupport
0x00000001187bf000 	/Library/Java/JavaVirtualMachines/jdk1.7.0_40.jdk/Contents/Home/jre/lib/libfontmanager.dylib
0x000000011892c000 	/System/Library/Frameworks/OpenGL.framework/Resources/GLEngine.bundle/GLEngine
0x0000000118b1b000 	/System/Library/Frameworks/OpenGL.framework/Versions/A/Libraries/libGLProgrammability.dylib
0x0000000118ca7000 	/System/Library/Extensions/AppleIntelHD3000GraphicsGLDriver.bundle/Contents/MacOS/AppleIntelHD3000GraphicsGLDriver
0x0000000116565000 	/System/Library/PrivateFrameworks/GPUSupport.framework/Versions/A/Libraries/libGPUSupport.dylib
0x000000011873c000 	/System/Library/Frameworks/OpenGL.framework/Resources//GLRendererFloat.bundle/GLRendererFloat
0x000000011657a000 	/System/Library/Frameworks/OpenCL.framework/Versions/A/Libraries/libcldcpuengine.dylib
0x000000000c1d9000 	/System/Library/PrivateFrameworks/DiskImages.framework/Versions/A/DiskImages
0x0000000118773000 	/System/Library/Frameworks/OpenGL.framework/Versions/A/Libraries/libCoreFSCache.dylib
0x000000000c1d9000 	/System/Library/Frameworks/DiscRecording.framework/Versions/A/DiscRecording
0x000000000c1d9000 	/usr/lib/libcurl.4.dylib
0x000000000c1d9000 	/System/Library/PrivateFrameworks/MediaKit.framework/Versions/A/MediaKit
0x000000000c1d9000 	/usr/lib/libssl.0.9.8.dylib
0x000000000c1d9000 	/System/Library/Frameworks/LDAP.framework/Versions/A/LDAP
0x000000000c1d9000 	/usr/lib/libsasl2.2.dylib
0x000000011877a000 	/Library/Java/JavaVirtualMachines/jdk1.7.0_40.jdk/Contents/Home/jre/lib/libosxui.dylib
0x000000011962d000 	/Users/Marty/Desktop/LeapSDK/lib/libLeapJava.dylib
0x0000000119677000 	/Users/Marty/Desktop/LeapSDK/lib/libLeap.dylib

VM Arguments:
jvm_args: -Dfile.encoding=UTF-8 -Djava.library.path=/Users/Marty/Desktop/LeapSDK/lib 
java_command: hackmizzouquadcontrolleap.HackMizzouQuadControlLeap
Launcher Type: SUN_STANDARD

Environment Variables:
PATH=/usr/bin:/bin:/usr/sbin:/sbin
LD_LIBRARY_PATH=/Library/Java/JavaVirtualMachines/jdk1.7.0_40.jdk/Contents/Home/jre/lib/amd64:/Library/Java/JavaVirtualMachines/jdk1.7.0_40.jdk/Contents/Home/jre/lib/i386:
SHELL=/bin/bash
DISPLAY=/tmp/launch-5eRRBV/org.x:0
DYLD_LIBRARY_PATH=/Applications/NetBeans/NetBeans 8.0.app/Contents/Resources/NetBeans/webcommon/bin:

Signal Handlers:
SIGSEGV: [libjvm.dylib+0x524b25], sa_mask[0]=0xfffefeff, sa_flags=0x00000043
SIGBUS: [libjvm.dylib+0x524b25], sa_mask[0]=0xfffefeff, sa_flags=0x00000042
SIGFPE: [libjvm.dylib+0x4180e6], sa_mask[0]=0xfffefeff, sa_flags=0x00000042
SIGPIPE: [libjvm.dylib+0x4180e6], sa_mask[0]=0xfffefeff, sa_flags=0x00000042
SIGXFSZ: [libjvm.dylib+0x4180e6], sa_mask[0]=0xfffefeff, sa_flags=0x00000042
SIGILL: [libjvm.dylib+0x4180e6], sa_mask[0]=0xfffefeff, sa_flags=0x00000042
SIGUSR1: SIG_DFL, sa_mask[0]=0x00000000, sa_flags=0x00000002
SIGUSR2: [libjvm.dylib+0x417bd8], sa_mask[0]=0x00000004, sa_flags=0x00000042
SIGHUP: [libjvm.dylib+0x415e67], sa_mask[0]=0xfffefeff, sa_flags=0x00000042
SIGINT: SIG_IGN, sa_mask[0]=0x00000000, sa_flags=0x00000000
SIGTERM: [libjvm.dylib+0x415e67], sa_mask[0]=0xfffefeff, sa_flags=0x00000042
SIGQUIT: [libjvm.dylib+0x415e67], sa_mask[0]=0xfffefeff, sa_flags=0x00000042


---------------  S Y S T E M  ---------------

OS:Bsduname:Darwin 11.4.2 Darwin Kernel Version 11.4.2: Thu Aug 23 16:25:48 PDT 2012; root:xnu-1699.32.7~1/RELEASE_X86_64 x86_64
rlimit: STACK 8192k, CORE 0k, NPROC 709, NOFILE 10240, AS infinity
load average:3.42 2.74 2.39

CPU:total 4 (2 cores per cpu, 2 threads per core) family 6 model 42 stepping 7, cmov, cx8, fxsr, mmx, sse, sse2, sse3, ssse3, sse4.1, sse4.2, popcnt, avx, aes, ht, tsc, tscinvbit

Memory: 4k page, physical 8388608k(2097152k free)

/proc/meminfo:


vm_info: Java HotSpot(TM) 64-Bit Server VM (24.0-b56) for bsd-amd64 JRE (1.7.0_40-b43), built on Aug 26 2013 21:29:19 by "java_re" with gcc 4.2.1 (Based on Apple Inc. build 5658) (LLVM build 2336.11.00)

time: Fri Oct  3 23:32:58 2014
elapsed time: 7 seconds

